2023-12-27 13:30:14.523  INFO 31536 --- [SpringApplicationShutdownHook] o.a.c.impl.engine.AbstractCamelContext   : Apache Camel 3.20.0 (camel-1) is shutting down (timeout:45s)
2023-12-27 13:30:14.554  INFO 31536 --- [Camel (camel-1) thread #1 - ShutdownTask] o.e.jetty.server.AbstractConnector       : Stopped ServerConnector@389bc2d3{HTTP/1.1, (http/1.1)}{0.0.0.0:80}
2023-12-27 13:30:14.558  INFO 31536 --- [Camel (camel-1) thread #1 - ShutdownTask] o.e.jetty.server.handler.ContextHandler  : Stopped o.e.j.s.ServletContextHandler@7057dbda{/,null,STOPPED}
2023-12-27 13:30:14.565  INFO 31536 --- [SpringApplicationShutdownHook] o.a.c.impl.engine.AbstractCamelContext   : Routes stopped (stopped:1)
2023-12-27 13:30:14.565  INFO 31536 --- [SpringApplicationShutdownHook] o.a.c.impl.engine.AbstractCamelContext   :     Stopped dsp-deploy (jetty:http://172.27.64.110023/file)
2023-12-27 13:30:14.569  INFO 31536 --- [SpringApplicationShutdownHook] o.a.c.impl.engine.AbstractCamelContext   : Apache Camel 3.20.0 (camel-1) shutdown in 46ms (uptime:22h25m)
2023-12-27 13:30:15.145  INFO 31536 --- [SpringApplicationShutdownHook] o.a.c.c.s.CamelHttpTransportServlet      : Destroyed CamelHttpTransportServlet[CamelServlet]
2023-12-27 13:30:27.926  INFO 10888 --- [main] go.kr.dsp.api.DspApiApplication          : Starting DspApiApplication using Java 11.0.20 on yoonms0623 with PID 10888 (C:\dsp\dsp-api-deploy\build\classes\java\main started by yoonms0623 in C:\dsp\dsp-api-deploy)
2023-12-27 13:30:27.928  INFO 10888 --- [main] go.kr.dsp.api.DspApiApplication          : The following 1 profile is active: "deploy"
2023-12-27 13:30:29.417  INFO 10888 --- [main] o.s.b.w.embedded.tomcat.TomcatWebServer  : Tomcat initialized with port(s): 10023 (http)
2023-12-27 13:30:29.427  INFO 10888 --- [main] o.apache.catalina.core.StandardService   : Starting service [Tomcat]
2023-12-27 13:30:29.427  INFO 10888 --- [main] org.apache.catalina.core.StandardEngine  : Starting Servlet engine: [Apache Tomcat/9.0.70]
2023-12-27 13:30:29.559  INFO 10888 --- [main] o.a.c.c.C.[Tomcat].[localhost].[/]       : Initializing Spring embedded WebApplicationContext
2023-12-27 13:30:29.559  INFO 10888 --- [main] w.s.c.ServletWebServerApplicationContext : Root WebApplicationContext: initialization completed in 1596 ms
2023-12-27 13:30:30.722  INFO 10888 --- [main] o.s.b.a.e.web.EndpointLinksResolver      : Exposing 1 endpoint(s) beneath base path '/actuator'
2023-12-27 13:30:30.818  INFO 10888 --- [main] o.a.c.c.s.CamelHttpTransportServlet      : Initialized CamelHttpTransportServlet[name=CamelServlet, contextPath=]
2023-12-27 13:30:30.821  INFO 10888 --- [main] o.s.b.w.embedded.tomcat.TomcatWebServer  : Tomcat started on port(s): 10023 (http) with context path ''
2023-12-27 13:30:31.891  INFO 10888 --- [main] o.a.c.impl.engine.AbstractCamelContext   : Apache Camel 3.20.0 (camel-1) is starting
2023-12-27 13:30:31.929  INFO 10888 --- [main] org.eclipse.jetty.util.log               : Logging initialized @5571ms to org.eclipse.jetty.util.log.Slf4jLog
2023-12-27 13:30:31.978  INFO 10888 --- [main] org.eclipse.jetty.server.Server          : jetty-9.4.50.v20221201; built: 2022-12-01T22:07:03.915Z; git: da9a0b30691a45daf90a9f17b5defa2f1434f882; jvm 11.0.20+8
2023-12-27 13:30:32.005  INFO 10888 --- [main] o.e.jetty.server.handler.ContextHandler  : Started o.e.j.s.ServletContextHandler@20db19ff{/,null,AVAILABLE}
2023-12-27 13:30:32.013 ERROR 10888 --- [main] o.a.c.impl.engine.AbstractCamelContext   : Error starting CamelContext (camel-1) due to exception thrown: java.io.IOException: Failed to bind to /172.27.64.1:10023

org.apache.camel.RuntimeCamelException: java.io.IOException: Failed to bind to /172.27.64.1:10023
	at org.apache.camel.RuntimeCamelException.wrapRuntimeException(RuntimeCamelException.java:66) ~[camel-api-3.20.0.jar:3.20.0]
	at org.apache.camel.support.service.BaseService.doFail(BaseService.java:413) ~[camel-api-3.20.0.jar:3.20.0]
	at org.apache.camel.support.service.BaseService.fail(BaseService.java:342) ~[camel-api-3.20.0.jar:3.20.0]
	at org.apache.camel.support.service.BaseService.start(BaseService.java:132) ~[camel-api-3.20.0.jar:3.20.0]
	at org.apache.camel.support.service.ServiceHelper.startService(ServiceHelper.java:113) ~[camel-api-3.20.0.jar:3.20.0]
	at org.apache.camel.impl.engine.AbstractCamelContext.startService(AbstractCamelContext.java:3740) ~[camel-base-engine-3.20.0.jar:3.20.0]
	at org.apache.camel.impl.engine.InternalRouteStartupManager.doStartOrResumeRouteConsumers(InternalRouteStartupManager.java:401) ~[camel-base-engine-3.20.0.jar:3.20.0]
	at org.apache.camel.impl.engine.InternalRouteStartupManager.doStartRouteConsumers(InternalRouteStartupManager.java:319) ~[camel-base-engine-3.20.0.jar:3.20.0]
	at org.apache.camel.impl.engine.InternalRouteStartupManager.safelyStartRouteServices(InternalRouteStartupManager.java:213) ~[camel-base-engine-3.20.0.jar:3.20.0]
	at org.apache.camel.impl.engine.InternalRouteStartupManager.doStartOrResumeRoutes(InternalRouteStartupManager.java:147) ~[camel-base-engine-3.20.0.jar:3.20.0]
	at org.apache.camel.impl.engine.AbstractCamelContext.doStartCamel(AbstractCamelContext.java:3425) ~[camel-base-engine-3.20.0.jar:3.20.0]
	at org.apache.camel.impl.engine.AbstractCamelContext.doStartContext(AbstractCamelContext.java:3094) ~[camel-base-engine-3.20.0.jar:3.20.0]
	at org.apache.camel.impl.engine.AbstractCamelContext.doStart(AbstractCamelContext.java:3049) ~[camel-base-engine-3.20.0.jar:3.20.0]
	at org.apache.camel.spring.boot.SpringBootCamelContext.doStart(SpringBootCamelContext.java:43) ~[camel-spring-boot-3.20.0.jar:3.20.0]
	at org.apache.camel.support.service.BaseService.start(BaseService.java:119) ~[camel-api-3.20.0.jar:3.20.0]
	at org.apache.camel.impl.engine.AbstractCamelContext.start(AbstractCamelContext.java:2698) ~[camel-base-engine-3.20.0.jar:3.20.0]
	at org.apache.camel.impl.DefaultCamelContext.start(DefaultCamelContext.java:262) ~[camel-core-engine-3.20.0.jar:3.20.0]
	at org.apache.camel.spring.SpringCamelContext.start(SpringCamelContext.java:119) ~[camel-spring-3.20.0.jar:3.20.0]
	at org.apache.camel.spring.SpringCamelContext.onApplicationEvent(SpringCamelContext.java:151) ~[camel-spring-3.20.0.jar:3.20.0]
	at org.springframework.context.event.SimpleApplicationEventMulticaster.doInvokeListener(SimpleApplicationEventMulticaster.java:176) ~[spring-context-5.3.24.jar:5.3.24]
	at org.springframework.context.event.SimpleApplicationEventMulticaster.invokeListener(SimpleApplicationEventMulticaster.java:169) ~[spring-context-5.3.24.jar:5.3.24]
	at org.springframework.context.event.SimpleApplicationEventMulticaster.multicastEvent(SimpleApplicationEventMulticaster.java:143) ~[spring-context-5.3.24.jar:5.3.24]
	at org.springframework.context.support.AbstractApplicationContext.publishEvent(AbstractApplicationContext.java:421) ~[spring-context-5.3.24.jar:5.3.24]
	at org.springframework.context.support.AbstractApplicationContext.publishEvent(AbstractApplicationContext.java:378) ~[spring-context-5.3.24.jar:5.3.24]
	at org.springframework.context.support.AbstractApplicationContext.finishRefresh(AbstractApplicationContext.java:938) ~[spring-context-5.3.24.jar:5.3.24]
	at org.springframework.context.support.AbstractApplicationContext.refresh(AbstractApplicationContext.java:586) ~[spring-context-5.3.24.jar:5.3.24]
	at org.springframework.boot.web.servlet.context.ServletWebServerApplicationContext.refresh(ServletWebServerApplicationContext.java:147) ~[spring-boot-2.7.7.jar:2.7.7]
	at org.springframework.boot.SpringApplication.refresh(SpringApplication.java:731) ~[spring-boot-2.7.7.jar:2.7.7]
	at org.springframework.boot.SpringApplication.refreshContext(SpringApplication.java:408) ~[spring-boot-2.7.7.jar:2.7.7]
	at org.springframework.boot.SpringApplication.run(SpringApplication.java:307) ~[spring-boot-2.7.7.jar:2.7.7]
	at org.springframework.boot.SpringApplication.run(SpringApplication.java:1303) ~[spring-boot-2.7.7.jar:2.7.7]
	at org.springframework.boot.SpringApplication.run(SpringApplication.java:1292) ~[spring-boot-2.7.7.jar:2.7.7]
	at go.kr.dsp.api.DspApiApplication.main(DspApiApplication.java:10) ~[main/:na]
Caused by: java.io.IOException: Failed to bind to /172.27.64.1:10023
	at org.eclipse.jetty.server.ServerConnector.openAcceptChannel(ServerConnector.java:349) ~[jetty-server-9.4.50.v20221201.jar:9.4.50.v20221201]
	at org.eclipse.jetty.server.ServerConnector.open(ServerConnector.java:310) ~[jetty-server-9.4.50.v20221201.jar:9.4.50.v20221201]
	at org.eclipse.jetty.server.AbstractNetworkConnector.doStart(AbstractNetworkConnector.java:80) ~[jetty-server-9.4.50.v20221201.jar:9.4.50.v20221201]
	at org.eclipse.jetty.server.ServerConnector.doStart(ServerConnector.java:234) ~[jetty-server-9.4.50.v20221201.jar:9.4.50.v20221201]
	at org.eclipse.jetty.util.component.AbstractLifeCycle.start(AbstractLifeCycle.java:73) ~[jetty-util-9.4.50.v20221201.jar:9.4.50.v20221201]
	at org.eclipse.jetty.server.Server.doStart(Server.java:401) ~[jetty-server-9.4.50.v20221201.jar:9.4.50.v20221201]
	at org.eclipse.jetty.util.component.AbstractLifeCycle.start(AbstractLifeCycle.java:73) ~[jetty-util-9.4.50.v20221201.jar:9.4.50.v20221201]
	at org.apache.camel.component.jetty.JettyHttpComponent.connect(JettyHttpComponent.java:337) ~[camel-jetty-common-3.20.0.jar:3.20.0]
	at org.apache.camel.http.common.HttpCommonEndpoint.connect(HttpCommonEndpoint.java:186) ~[camel-http-common-3.20.0.jar:3.20.0]
	at org.apache.camel.http.common.HttpConsumer.doStart(HttpConsumer.java:58) ~[camel-http-common-3.20.0.jar:3.20.0]
	at org.apache.camel.component.jetty.JettyHttpConsumer.doStart(JettyHttpConsumer.java:31) ~[camel-jetty-common-3.20.0.jar:3.20.0]
	at org.apache.camel.support.service.BaseService.start(BaseService.java:119) ~[camel-api-3.20.0.jar:3.20.0]
	... 29 common frames omitted
Caused by: java.net.BindException: Address already in use: bind
	at java.base/sun.nio.ch.Net.bind0(Native Method) ~[na:na]
	at java.base/sun.nio.ch.Net.bind(Net.java:459) ~[na:na]
	at java.base/sun.nio.ch.Net.bind(Net.java:448) ~[na:na]
	at java.base/sun.nio.ch.ServerSocketChannelImpl.bind(ServerSocketChannelImpl.java:227) ~[na:na]
	at java.base/sun.nio.ch.ServerSocketAdaptor.bind(ServerSocketAdaptor.java:80) ~[na:na]
	at org.eclipse.jetty.server.ServerConnector.openAcceptChannel(ServerConnector.java:344) ~[jetty-server-9.4.50.v20221201.jar:9.4.50.v20221201]
	... 40 common frames omitted

2023-12-27 13:30:32.015  INFO 10888 --- [main] o.a.c.impl.engine.AbstractCamelContext   : Apache Camel 3.20.0 (camel-1) is shutting down (timeout:45s)
2023-12-27 13:30:32.020  INFO 10888 --- [main] o.a.c.impl.engine.AbstractCamelContext   : Routes stopped (stopped:1)
2023-12-27 13:30:32.020  INFO 10888 --- [main] o.a.c.impl.engine.AbstractCamelContext   :     Stopped dsp-deploy (jetty:http://172.27.64.1:10023/file)
2023-12-27 13:30:32.024  INFO 10888 --- [main] o.a.c.impl.engine.AbstractCamelContext   : Apache Camel 3.20.0 (camel-1) shutdown in 8ms (uptime:0s)
2023-12-27 13:30:32.596  INFO 10888 --- [main] o.apache.catalina.core.StandardService   : Stopping service [Tomcat]
2023-12-27 13:30:32.597  INFO 10888 --- [main] o.a.c.c.s.CamelHttpTransportServlet      : Destroyed CamelHttpTransportServlet[CamelServlet]
2023-12-27 13:30:32.607  INFO 10888 --- [main] ConditionEvaluationReportLoggingListener : 

Error starting ApplicationContext. To display the conditions report re-run your application with 'debug' enabled.
2023-12-27 13:30:32.630 ERROR 10888 --- [main] o.s.boot.SpringApplication               : Application run failed

org.apache.camel.RuntimeCamelException: java.io.IOException: Failed to bind to /172.27.64.1:10023
	at org.apache.camel.RuntimeCamelException.wrapRuntimeException(RuntimeCamelException.java:66) ~[camel-api-3.20.0.jar:3.20.0]
	at org.apache.camel.support.service.BaseService.doFail(BaseService.java:413) ~[camel-api-3.20.0.jar:3.20.0]
	at org.apache.camel.support.service.BaseService.fail(BaseService.java:342) ~[camel-api-3.20.0.jar:3.20.0]
	at org.apache.camel.support.service.BaseService.start(BaseService.java:132) ~[camel-api-3.20.0.jar:3.20.0]
	at org.apache.camel.support.service.ServiceHelper.startService(ServiceHelper.java:113) ~[camel-api-3.20.0.jar:3.20.0]
	at org.apache.camel.impl.engine.AbstractCamelContext.startService(AbstractCamelContext.java:3740) ~[camel-base-engine-3.20.0.jar:3.20.0]
	at org.apache.camel.impl.engine.InternalRouteStartupManager.doStartOrResumeRouteConsumers(InternalRouteStartupManager.java:401) ~[camel-base-engine-3.20.0.jar:3.20.0]
	at org.apache.camel.impl.engine.InternalRouteStartupManager.doStartRouteConsumers(InternalRouteStartupManager.java:319) ~[camel-base-engine-3.20.0.jar:3.20.0]
	at org.apache.camel.impl.engine.InternalRouteStartupManager.safelyStartRouteServices(InternalRouteStartupManager.java:213) ~[camel-base-engine-3.20.0.jar:3.20.0]
	at org.apache.camel.impl.engine.InternalRouteStartupManager.doStartOrResumeRoutes(InternalRouteStartupManager.java:147) ~[camel-base-engine-3.20.0.jar:3.20.0]
	at org.apache.camel.impl.engine.AbstractCamelContext.doStartCamel(AbstractCamelContext.java:3425) ~[camel-base-engine-3.20.0.jar:3.20.0]
	at org.apache.camel.impl.engine.AbstractCamelContext.doStartContext(AbstractCamelContext.java:3094) ~[camel-base-engine-3.20.0.jar:3.20.0]
	at org.apache.camel.impl.engine.AbstractCamelContext.doStart(AbstractCamelContext.java:3049) ~[camel-base-engine-3.20.0.jar:3.20.0]
	at org.apache.camel.spring.boot.SpringBootCamelContext.doStart(SpringBootCamelContext.java:43) ~[camel-spring-boot-3.20.0.jar:3.20.0]
	at org.apache.camel.support.service.BaseService.start(BaseService.java:119) ~[camel-api-3.20.0.jar:3.20.0]
	at org.apache.camel.impl.engine.AbstractCamelContext.start(AbstractCamelContext.java:2698) ~[camel-base-engine-3.20.0.jar:3.20.0]
	at org.apache.camel.impl.DefaultCamelContext.start(DefaultCamelContext.java:262) ~[camel-core-engine-3.20.0.jar:3.20.0]
	at org.apache.camel.spring.SpringCamelContext.start(SpringCamelContext.java:119) ~[camel-spring-3.20.0.jar:3.20.0]
	at org.apache.camel.spring.SpringCamelContext.onApplicationEvent(SpringCamelContext.java:151) ~[camel-spring-3.20.0.jar:3.20.0]
	at org.springframework.context.event.SimpleApplicationEventMulticaster.doInvokeListener(SimpleApplicationEventMulticaster.java:176) ~[spring-context-5.3.24.jar:5.3.24]
	at org.springframework.context.event.SimpleApplicationEventMulticaster.invokeListener(SimpleApplicationEventMulticaster.java:169) ~[spring-context-5.3.24.jar:5.3.24]
	at org.springframework.context.event.SimpleApplicationEventMulticaster.multicastEvent(SimpleApplicationEventMulticaster.java:143) ~[spring-context-5.3.24.jar:5.3.24]
	at org.springframework.context.support.AbstractApplicationContext.publishEvent(AbstractApplicationContext.java:421) ~[spring-context-5.3.24.jar:5.3.24]
	at org.springframework.context.support.AbstractApplicationContext.publishEvent(AbstractApplicationContext.java:378) ~[spring-context-5.3.24.jar:5.3.24]
	at org.springframework.context.support.AbstractApplicationContext.finishRefresh(AbstractApplicationContext.java:938) ~[spring-context-5.3.24.jar:5.3.24]
	at org.springframework.context.support.AbstractApplicationContext.refresh(AbstractApplicationContext.java:586) ~[spring-context-5.3.24.jar:5.3.24]
	at org.springframework.boot.web.servlet.context.ServletWebServerApplicationContext.refresh(ServletWebServerApplicationContext.java:147) ~[spring-boot-2.7.7.jar:2.7.7]
	at org.springframework.boot.SpringApplication.refresh(SpringApplication.java:731) ~[spring-boot-2.7.7.jar:2.7.7]
	at org.springframework.boot.SpringApplication.refreshContext(SpringApplication.java:408) ~[spring-boot-2.7.7.jar:2.7.7]
	at org.springframework.boot.SpringApplication.run(SpringApplication.java:307) ~[spring-boot-2.7.7.jar:2.7.7]
	at org.springframework.boot.SpringApplication.run(SpringApplication.java:1303) ~[spring-boot-2.7.7.jar:2.7.7]
	at org.springframework.boot.SpringApplication.run(SpringApplication.java:1292) ~[spring-boot-2.7.7.jar:2.7.7]
	at go.kr.dsp.api.DspApiApplication.main(DspApiApplication.java:10) ~[main/:na]
Caused by: java.io.IOException: Failed to bind to /172.27.64.1:10023
	at org.eclipse.jetty.server.ServerConnector.openAcceptChannel(ServerConnector.java:349) ~[jetty-server-9.4.50.v20221201.jar:9.4.50.v20221201]
	at org.eclipse.jetty.server.ServerConnector.open(ServerConnector.java:310) ~[jetty-server-9.4.50.v20221201.jar:9.4.50.v20221201]
	at org.eclipse.jetty.server.AbstractNetworkConnector.doStart(AbstractNetworkConnector.java:80) ~[jetty-server-9.4.50.v20221201.jar:9.4.50.v20221201]
	at org.eclipse.jetty.server.ServerConnector.doStart(ServerConnector.java:234) ~[jetty-server-9.4.50.v20221201.jar:9.4.50.v20221201]
	at org.eclipse.jetty.util.component.AbstractLifeCycle.start(AbstractLifeCycle.java:73) ~[jetty-util-9.4.50.v20221201.jar:9.4.50.v20221201]
	at org.eclipse.jetty.server.Server.doStart(Server.java:401) ~[jetty-server-9.4.50.v20221201.jar:9.4.50.v20221201]
	at org.eclipse.jetty.util.component.AbstractLifeCycle.start(AbstractLifeCycle.java:73) ~[jetty-util-9.4.50.v20221201.jar:9.4.50.v20221201]
	at org.apache.camel.component.jetty.JettyHttpComponent.connect(JettyHttpComponent.java:337) ~[camel-jetty-common-3.20.0.jar:3.20.0]
	at org.apache.camel.http.common.HttpCommonEndpoint.connect(HttpCommonEndpoint.java:186) ~[camel-http-common-3.20.0.jar:3.20.0]
	at org.apache.camel.http.common.HttpConsumer.doStart(HttpConsumer.java:58) ~[camel-http-common-3.20.0.jar:3.20.0]
	at org.apache.camel.component.jetty.JettyHttpConsumer.doStart(JettyHttpConsumer.java:31) ~[camel-jetty-common-3.20.0.jar:3.20.0]
	at org.apache.camel.support.service.BaseService.start(BaseService.java:119) ~[camel-api-3.20.0.jar:3.20.0]
	... 29 common frames omitted
Caused by: java.net.BindException: Address already in use: bind
	at java.base/sun.nio.ch.Net.bind0(Native Method) ~[na:na]
	at java.base/sun.nio.ch.Net.bind(Net.java:459) ~[na:na]
	at java.base/sun.nio.ch.Net.bind(Net.java:448) ~[na:na]
	at java.base/sun.nio.ch.ServerSocketChannelImpl.bind(ServerSocketChannelImpl.java:227) ~[na:na]
	at java.base/sun.nio.ch.ServerSocketAdaptor.bind(ServerSocketAdaptor.java:80) ~[na:na]
	at org.eclipse.jetty.server.ServerConnector.openAcceptChannel(ServerConnector.java:344) ~[jetty-server-9.4.50.v20221201.jar:9.4.50.v20221201]
	... 40 common frames omitted

2023-12-27 13:31:40.862  INFO 22084 --- [main] go.kr.dsp.api.DspApiApplication          : Starting DspApiApplication using Java 11.0.20 on yoonms0623 with PID 22084 (C:\dsp\dsp-api-deploy\build\classes\java\main started by yoonms0623 in C:\dsp\dsp-api-deploy)
2023-12-27 13:31:40.865  INFO 22084 --- [main] go.kr.dsp.api.DspApiApplication          : The following 1 profile is active: "deploy"
2023-12-27 13:31:42.139  INFO 22084 --- [main] o.s.b.w.embedded.tomcat.TomcatWebServer  : Tomcat initialized with port(s): 8080 (http)
2023-12-27 13:31:42.145  INFO 22084 --- [main] o.apache.catalina.core.StandardService   : Starting service [Tomcat]
2023-12-27 13:31:42.145  INFO 22084 --- [main] org.apache.catalina.core.StandardEngine  : Starting Servlet engine: [Apache Tomcat/9.0.70]
2023-12-27 13:31:42.251  INFO 22084 --- [main] o.a.c.c.C.[Tomcat].[localhost].[/]       : Initializing Spring embedded WebApplicationContext
2023-12-27 13:31:42.252  INFO 22084 --- [main] w.s.c.ServletWebServerApplicationContext : Root WebApplicationContext: initialization completed in 1355 ms
2023-12-27 13:31:43.348  INFO 22084 --- [main] o.s.b.a.e.web.EndpointLinksResolver      : Exposing 1 endpoint(s) beneath base path '/actuator'
2023-12-27 13:31:43.416  INFO 22084 --- [main] o.a.c.c.s.CamelHttpTransportServlet      : Initialized CamelHttpTransportServlet[name=CamelServlet, contextPath=]
2023-12-27 13:31:43.417  INFO 22084 --- [main] o.s.b.w.embedded.tomcat.TomcatWebServer  : Tomcat started on port(s): 8080 (http) with context path ''
2023-12-27 13:31:44.540  INFO 22084 --- [main] o.a.c.impl.engine.AbstractCamelContext   : Apache Camel 3.20.0 (camel-1) is starting
2023-12-27 13:31:44.568  INFO 22084 --- [main] org.eclipse.jetty.util.log               : Logging initialized @5095ms to org.eclipse.jetty.util.log.Slf4jLog
2023-12-27 13:31:44.610  INFO 22084 --- [main] org.eclipse.jetty.server.Server          : jetty-9.4.50.v20221201; built: 2022-12-01T22:07:03.915Z; git: da9a0b30691a45daf90a9f17b5defa2f1434f882; jvm 11.0.20+8
2023-12-27 13:31:44.633  INFO 22084 --- [main] o.e.jetty.server.handler.ContextHandler  : Started o.e.j.s.ServletContextHandler@27048db3{/,null,AVAILABLE}
2023-12-27 13:31:44.645  INFO 22084 --- [main] o.e.jetty.server.AbstractConnector       : Started ServerConnector@50e6ee24{HTTP/1.1, (http/1.1)}{172.27.64.1:10023}
2023-12-27 13:31:44.645  INFO 22084 --- [main] org.eclipse.jetty.server.Server          : Started @5173ms
2023-12-27 13:31:44.654  INFO 22084 --- [main] o.a.c.impl.engine.AbstractCamelContext   : Routes startup (started:1)
2023-12-27 13:31:44.655  INFO 22084 --- [main] o.a.c.impl.engine.AbstractCamelContext   :     Started dsp-deploy (jetty:http://172.27.64.1:10023/file)
2023-12-27 13:31:44.655  INFO 22084 --- [main] o.a.c.impl.engine.AbstractCamelContext   : Apache Camel 3.20.0 (camel-1) started in 480ms (build:40ms init:326ms start:114ms)
2023-12-27 13:31:44.662  INFO 22084 --- [main] go.kr.dsp.api.DspApiApplication          : Started DspApiApplication in 4.079 seconds (JVM running for 5.19)
2023-12-27 13:31:45.835  INFO 22084 --- [RMI TCP Connection(3)-172.30.1.27] o.a.c.c.C.[Tomcat].[localhost].[/]       : Initializing Spring DispatcherServlet 'dispatcherServlet'
2023-12-27 13:31:45.838  INFO 22084 --- [RMI TCP Connection(3)-172.30.1.27] o.s.web.servlet.DispatcherServlet        : Initializing Servlet 'dispatcherServlet'
2023-12-27 13:31:45.841  INFO 22084 --- [RMI TCP Connection(3)-172.30.1.27] o.s.web.servlet.DispatcherServlet        : Completed initialization in 2 ms
2023-12-27 14:34:33.466  INFO 22084 --- [SpringApplicationShutdownHook] o.a.c.impl.engine.AbstractCamelContext   : Apache Camel 3.20.0 (camel-1) is shutting down (timeout:45s)
2023-12-27 14:34:33.483  INFO 22084 --- [Camel (camel-1) thread #1 - ShutdownTask] o.e.jetty.server.AbstractConnector       : Stopped ServerConnector@50e6ee24{HTTP/1.1, (http/1.1)}{172.27.64.1:10023}
2023-12-27 14:34:33.484  INFO 22084 --- [Camel (camel-1) thread #1 - ShutdownTask] o.e.jetty.server.handler.ContextHandler  : Stopped o.e.j.s.ServletContextHandler@27048db3{/,null,STOPPED}
2023-12-27 14:34:33.489  INFO 22084 --- [SpringApplicationShutdownHook] o.a.c.impl.engine.AbstractCamelContext   : Routes stopped (stopped:1)
2023-12-27 14:34:33.489  INFO 22084 --- [SpringApplicationShutdownHook] o.a.c.impl.engine.AbstractCamelContext   :     Stopped dsp-deploy (jetty:http://172.27.64.1:10023/file)
2023-12-27 14:34:33.492  INFO 22084 --- [SpringApplicationShutdownHook] o.a.c.impl.engine.AbstractCamelContext   : Apache Camel 3.20.0 (camel-1) shutdown in 27ms (uptime:1h2m)
2023-12-27 14:34:34.059  INFO 22084 --- [SpringApplicationShutdownHook] o.a.c.c.s.CamelHttpTransportServlet      : Destroyed CamelHttpTransportServlet[CamelServlet]
2023-12-27 14:34:38.325  INFO 37272 --- [main] go.kr.dsp.api.DspApiApplication          : Starting DspApiApplication using Java 11.0.20 on yoonms0623 with PID 37272 (C:\dsp\dsp-api-deploy\build\classes\java\main started by yoonms0623 in C:\dsp\dsp-api-deploy)
2023-12-27 14:34:38.328  INFO 37272 --- [main] go.kr.dsp.api.DspApiApplication          : The following 1 profile is active: "deploy"
2023-12-27 14:34:39.311  INFO 37272 --- [main] o.s.b.w.embedded.tomcat.TomcatWebServer  : Tomcat initialized with port(s): 10023 (http)
2023-12-27 14:34:39.317  INFO 37272 --- [main] o.apache.catalina.core.StandardService   : Starting service [Tomcat]
2023-12-27 14:34:39.317  INFO 37272 --- [main] org.apache.catalina.core.StandardEngine  : Starting Servlet engine: [Apache Tomcat/9.0.70]
2023-12-27 14:34:39.419  INFO 37272 --- [main] o.a.c.c.C.[Tomcat].[localhost].[/]       : Initializing Spring embedded WebApplicationContext
2023-12-27 14:34:39.419  INFO 37272 --- [main] w.s.c.ServletWebServerApplicationContext : Root WebApplicationContext: initialization completed in 1061 ms
2023-12-27 14:34:40.199  INFO 37272 --- [main] o.s.b.a.e.web.EndpointLinksResolver      : Exposing 1 endpoint(s) beneath base path '/actuator'
2023-12-27 14:34:40.259  INFO 37272 --- [main] o.a.c.c.s.CamelHttpTransportServlet      : Initialized CamelHttpTransportServlet[name=CamelServlet, contextPath=]
2023-12-27 14:34:40.260  INFO 37272 --- [main] o.s.b.w.embedded.tomcat.TomcatWebServer  : Tomcat started on port(s): 10023 (http) with context path ''
2023-12-27 14:34:41.061  INFO 37272 --- [main] o.a.c.impl.engine.AbstractCamelContext   : Apache Camel 3.20.0 (camel-1) is starting
2023-12-27 14:34:41.087  INFO 37272 --- [main] org.eclipse.jetty.util.log               : Logging initialized @4226ms to org.eclipse.jetty.util.log.Slf4jLog
2023-12-27 14:34:41.122  INFO 37272 --- [main] org.eclipse.jetty.server.Server          : jetty-9.4.50.v20221201; built: 2022-12-01T22:07:03.915Z; git: da9a0b30691a45daf90a9f17b5defa2f1434f882; jvm 11.0.20+8
2023-12-27 14:34:41.142  INFO 37272 --- [main] o.e.jetty.server.handler.ContextHandler  : Started o.e.j.s.ServletContextHandler@20db19ff{/,null,AVAILABLE}
2023-12-27 14:34:41.150 ERROR 37272 --- [main] o.a.c.impl.engine.AbstractCamelContext   : Error starting CamelContext (camel-1) due to exception thrown: java.io.IOException: Failed to bind to /172.27.64.1:10023

org.apache.camel.RuntimeCamelException: java.io.IOException: Failed to bind to /172.27.64.1:10023
	at org.apache.camel.RuntimeCamelException.wrapRuntimeException(RuntimeCamelException.java:66) ~[camel-api-3.20.0.jar:3.20.0]
	at org.apache.camel.support.service.BaseService.doFail(BaseService.java:413) ~[camel-api-3.20.0.jar:3.20.0]
	at org.apache.camel.support.service.BaseService.fail(BaseService.java:342) ~[camel-api-3.20.0.jar:3.20.0]
	at org.apache.camel.support.service.BaseService.start(BaseService.java:132) ~[camel-api-3.20.0.jar:3.20.0]
	at org.apache.camel.support.service.ServiceHelper.startService(ServiceHelper.java:113) ~[camel-api-3.20.0.jar:3.20.0]
	at org.apache.camel.impl.engine.AbstractCamelContext.startService(AbstractCamelContext.java:3740) ~[camel-base-engine-3.20.0.jar:3.20.0]
	at org.apache.camel.impl.engine.InternalRouteStartupManager.doStartOrResumeRouteConsumers(InternalRouteStartupManager.java:401) ~[camel-base-engine-3.20.0.jar:3.20.0]
	at org.apache.camel.impl.engine.InternalRouteStartupManager.doStartRouteConsumers(InternalRouteStartupManager.java:319) ~[camel-base-engine-3.20.0.jar:3.20.0]
	at org.apache.camel.impl.engine.InternalRouteStartupManager.safelyStartRouteServices(InternalRouteStartupManager.java:213) ~[camel-base-engine-3.20.0.jar:3.20.0]
	at org.apache.camel.impl.engine.InternalRouteStartupManager.doStartOrResumeRoutes(InternalRouteStartupManager.java:147) ~[camel-base-engine-3.20.0.jar:3.20.0]
	at org.apache.camel.impl.engine.AbstractCamelContext.doStartCamel(AbstractCamelContext.java:3425) ~[camel-base-engine-3.20.0.jar:3.20.0]
	at org.apache.camel.impl.engine.AbstractCamelContext.doStartContext(AbstractCamelContext.java:3094) ~[camel-base-engine-3.20.0.jar:3.20.0]
	at org.apache.camel.impl.engine.AbstractCamelContext.doStart(AbstractCamelContext.java:3049) ~[camel-base-engine-3.20.0.jar:3.20.0]
	at org.apache.camel.spring.boot.SpringBootCamelContext.doStart(SpringBootCamelContext.java:43) ~[camel-spring-boot-3.20.0.jar:3.20.0]
	at org.apache.camel.support.service.BaseService.start(BaseService.java:119) ~[camel-api-3.20.0.jar:3.20.0]
	at org.apache.camel.impl.engine.AbstractCamelContext.start(AbstractCamelContext.java:2698) ~[camel-base-engine-3.20.0.jar:3.20.0]
	at org.apache.camel.impl.DefaultCamelContext.start(DefaultCamelContext.java:262) ~[camel-core-engine-3.20.0.jar:3.20.0]
	at org.apache.camel.spring.SpringCamelContext.start(SpringCamelContext.java:119) ~[camel-spring-3.20.0.jar:3.20.0]
	at org.apache.camel.spring.SpringCamelContext.onApplicationEvent(SpringCamelContext.java:151) ~[camel-spring-3.20.0.jar:3.20.0]
	at org.springframework.context.event.SimpleApplicationEventMulticaster.doInvokeListener(SimpleApplicationEventMulticaster.java:176) ~[spring-context-5.3.24.jar:5.3.24]
	at org.springframework.context.event.SimpleApplicationEventMulticaster.invokeListener(SimpleApplicationEventMulticaster.java:169) ~[spring-context-5.3.24.jar:5.3.24]
	at org.springframework.context.event.SimpleApplicationEventMulticaster.multicastEvent(SimpleApplicationEventMulticaster.java:143) ~[spring-context-5.3.24.jar:5.3.24]
	at org.springframework.context.support.AbstractApplicationContext.publishEvent(AbstractApplicationContext.java:421) ~[spring-context-5.3.24.jar:5.3.24]
	at org.springframework.context.support.AbstractApplicationContext.publishEvent(AbstractApplicationContext.java:378) ~[spring-context-5.3.24.jar:5.3.24]
	at org.springframework.context.support.AbstractApplicationContext.finishRefresh(AbstractApplicationContext.java:938) ~[spring-context-5.3.24.jar:5.3.24]
	at org.springframework.context.support.AbstractApplicationContext.refresh(AbstractApplicationContext.java:586) ~[spring-context-5.3.24.jar:5.3.24]
	at org.springframework.boot.web.servlet.context.ServletWebServerApplicationContext.refresh(ServletWebServerApplicationContext.java:147) ~[spring-boot-2.7.7.jar:2.7.7]
	at org.springframework.boot.SpringApplication.refresh(SpringApplication.java:731) ~[spring-boot-2.7.7.jar:2.7.7]
	at org.springframework.boot.SpringApplication.refreshContext(SpringApplication.java:408) ~[spring-boot-2.7.7.jar:2.7.7]
	at org.springframework.boot.SpringApplication.run(SpringApplication.java:307) ~[spring-boot-2.7.7.jar:2.7.7]
	at org.springframework.boot.SpringApplication.run(SpringApplication.java:1303) ~[spring-boot-2.7.7.jar:2.7.7]
	at org.springframework.boot.SpringApplication.run(SpringApplication.java:1292) ~[spring-boot-2.7.7.jar:2.7.7]
	at go.kr.dsp.api.DspApiApplication.main(DspApiApplication.java:10) ~[main/:na]
Caused by: java.io.IOException: Failed to bind to /172.27.64.1:10023
	at org.eclipse.jetty.server.ServerConnector.openAcceptChannel(ServerConnector.java:349) ~[jetty-server-9.4.50.v20221201.jar:9.4.50.v20221201]
	at org.eclipse.jetty.server.ServerConnector.open(ServerConnector.java:310) ~[jetty-server-9.4.50.v20221201.jar:9.4.50.v20221201]
	at org.eclipse.jetty.server.AbstractNetworkConnector.doStart(AbstractNetworkConnector.java:80) ~[jetty-server-9.4.50.v20221201.jar:9.4.50.v20221201]
	at org.eclipse.jetty.server.ServerConnector.doStart(ServerConnector.java:234) ~[jetty-server-9.4.50.v20221201.jar:9.4.50.v20221201]
	at org.eclipse.jetty.util.component.AbstractLifeCycle.start(AbstractLifeCycle.java:73) ~[jetty-util-9.4.50.v20221201.jar:9.4.50.v20221201]
	at org.eclipse.jetty.server.Server.doStart(Server.java:401) ~[jetty-server-9.4.50.v20221201.jar:9.4.50.v20221201]
	at org.eclipse.jetty.util.component.AbstractLifeCycle.start(AbstractLifeCycle.java:73) ~[jetty-util-9.4.50.v20221201.jar:9.4.50.v20221201]
	at org.apache.camel.component.jetty.JettyHttpComponent.connect(JettyHttpComponent.java:337) ~[camel-jetty-common-3.20.0.jar:3.20.0]
	at org.apache.camel.http.common.HttpCommonEndpoint.connect(HttpCommonEndpoint.java:186) ~[camel-http-common-3.20.0.jar:3.20.0]
	at org.apache.camel.http.common.HttpConsumer.doStart(HttpConsumer.java:58) ~[camel-http-common-3.20.0.jar:3.20.0]
	at org.apache.camel.component.jetty.JettyHttpConsumer.doStart(JettyHttpConsumer.java:31) ~[camel-jetty-common-3.20.0.jar:3.20.0]
	at org.apache.camel.support.service.BaseService.start(BaseService.java:119) ~[camel-api-3.20.0.jar:3.20.0]
	... 29 common frames omitted
Caused by: java.net.BindException: Address already in use: bind
	at java.base/sun.nio.ch.Net.bind0(Native Method) ~[na:na]
	at java.base/sun.nio.ch.Net.bind(Net.java:459) ~[na:na]
	at java.base/sun.nio.ch.Net.bind(Net.java:448) ~[na:na]
	at java.base/sun.nio.ch.ServerSocketChannelImpl.bind(ServerSocketChannelImpl.java:227) ~[na:na]
	at java.base/sun.nio.ch.ServerSocketAdaptor.bind(ServerSocketAdaptor.java:80) ~[na:na]
	at org.eclipse.jetty.server.ServerConnector.openAcceptChannel(ServerConnector.java:344) ~[jetty-server-9.4.50.v20221201.jar:9.4.50.v20221201]
	... 40 common frames omitted

2023-12-27 14:34:41.153  INFO 37272 --- [main] o.a.c.impl.engine.AbstractCamelContext   : Apache Camel 3.20.0 (camel-1) is shutting down (timeout:45s)
2023-12-27 14:34:41.158  INFO 37272 --- [main] o.a.c.impl.engine.AbstractCamelContext   : Routes stopped (stopped:1)
2023-12-27 14:34:41.159  INFO 37272 --- [main] o.a.c.impl.engine.AbstractCamelContext   :     Stopped dsp-deploy (jetty:http://172.27.64.1:10023/file)
2023-12-27 14:34:41.161  INFO 37272 --- [main] o.a.c.impl.engine.AbstractCamelContext   : Apache Camel 3.20.0 (camel-1) shutdown in 8ms (uptime:0s)
2023-12-27 14:34:41.728  INFO 37272 --- [main] o.apache.catalina.core.StandardService   : Stopping service [Tomcat]
2023-12-27 14:34:41.729  INFO 37272 --- [main] o.a.c.c.s.CamelHttpTransportServlet      : Destroyed CamelHttpTransportServlet[CamelServlet]
2023-12-27 14:34:41.739  INFO 37272 --- [main] ConditionEvaluationReportLoggingListener : 

Error starting ApplicationContext. To display the conditions report re-run your application with 'debug' enabled.
2023-12-27 14:34:41.754 ERROR 37272 --- [main] o.s.boot.SpringApplication               : Application run failed

org.apache.camel.RuntimeCamelException: java.io.IOException: Failed to bind to /172.27.64.1:10023
	at org.apache.camel.RuntimeCamelException.wrapRuntimeException(RuntimeCamelException.java:66) ~[camel-api-3.20.0.jar:3.20.0]
	at org.apache.camel.support.service.BaseService.doFail(BaseService.java:413) ~[camel-api-3.20.0.jar:3.20.0]
	at org.apache.camel.support.service.BaseService.fail(BaseService.java:342) ~[camel-api-3.20.0.jar:3.20.0]
	at org.apache.camel.support.service.BaseService.start(BaseService.java:132) ~[camel-api-3.20.0.jar:3.20.0]
	at org.apache.camel.support.service.ServiceHelper.startService(ServiceHelper.java:113) ~[camel-api-3.20.0.jar:3.20.0]
	at org.apache.camel.impl.engine.AbstractCamelContext.startService(AbstractCamelContext.java:3740) ~[camel-base-engine-3.20.0.jar:3.20.0]
	at org.apache.camel.impl.engine.InternalRouteStartupManager.doStartOrResumeRouteConsumers(InternalRouteStartupManager.java:401) ~[camel-base-engine-3.20.0.jar:3.20.0]
	at org.apache.camel.impl.engine.InternalRouteStartupManager.doStartRouteConsumers(InternalRouteStartupManager.java:319) ~[camel-base-engine-3.20.0.jar:3.20.0]
	at org.apache.camel.impl.engine.InternalRouteStartupManager.safelyStartRouteServices(InternalRouteStartupManager.java:213) ~[camel-base-engine-3.20.0.jar:3.20.0]
	at org.apache.camel.impl.engine.InternalRouteStartupManager.doStartOrResumeRoutes(InternalRouteStartupManager.java:147) ~[camel-base-engine-3.20.0.jar:3.20.0]
	at org.apache.camel.impl.engine.AbstractCamelContext.doStartCamel(AbstractCamelContext.java:3425) ~[camel-base-engine-3.20.0.jar:3.20.0]
	at org.apache.camel.impl.engine.AbstractCamelContext.doStartContext(AbstractCamelContext.java:3094) ~[camel-base-engine-3.20.0.jar:3.20.0]
	at org.apache.camel.impl.engine.AbstractCamelContext.doStart(AbstractCamelContext.java:3049) ~[camel-base-engine-3.20.0.jar:3.20.0]
	at org.apache.camel.spring.boot.SpringBootCamelContext.doStart(SpringBootCamelContext.java:43) ~[camel-spring-boot-3.20.0.jar:3.20.0]
	at org.apache.camel.support.service.BaseService.start(BaseService.java:119) ~[camel-api-3.20.0.jar:3.20.0]
	at org.apache.camel.impl.engine.AbstractCamelContext.start(AbstractCamelContext.java:2698) ~[camel-base-engine-3.20.0.jar:3.20.0]
	at org.apache.camel.impl.DefaultCamelContext.start(DefaultCamelContext.java:262) ~[camel-core-engine-3.20.0.jar:3.20.0]
	at org.apache.camel.spring.SpringCamelContext.start(SpringCamelContext.java:119) ~[camel-spring-3.20.0.jar:3.20.0]
	at org.apache.camel.spring.SpringCamelContext.onApplicationEvent(SpringCamelContext.java:151) ~[camel-spring-3.20.0.jar:3.20.0]
	at org.springframework.context.event.SimpleApplicationEventMulticaster.doInvokeListener(SimpleApplicationEventMulticaster.java:176) ~[spring-context-5.3.24.jar:5.3.24]
	at org.springframework.context.event.SimpleApplicationEventMulticaster.invokeListener(SimpleApplicationEventMulticaster.java:169) ~[spring-context-5.3.24.jar:5.3.24]
	at org.springframework.context.event.SimpleApplicationEventMulticaster.multicastEvent(SimpleApplicationEventMulticaster.java:143) ~[spring-context-5.3.24.jar:5.3.24]
	at org.springframework.context.support.AbstractApplicationContext.publishEvent(AbstractApplicationContext.java:421) ~[spring-context-5.3.24.jar:5.3.24]
	at org.springframework.context.support.AbstractApplicationContext.publishEvent(AbstractApplicationContext.java:378) ~[spring-context-5.3.24.jar:5.3.24]
	at org.springframework.context.support.AbstractApplicationContext.finishRefresh(AbstractApplicationContext.java:938) ~[spring-context-5.3.24.jar:5.3.24]
	at org.springframework.context.support.AbstractApplicationContext.refresh(AbstractApplicationContext.java:586) ~[spring-context-5.3.24.jar:5.3.24]
	at org.springframework.boot.web.servlet.context.ServletWebServerApplicationContext.refresh(ServletWebServerApplicationContext.java:147) ~[spring-boot-2.7.7.jar:2.7.7]
	at org.springframework.boot.SpringApplication.refresh(SpringApplication.java:731) ~[spring-boot-2.7.7.jar:2.7.7]
	at org.springframework.boot.SpringApplication.refreshContext(SpringApplication.java:408) ~[spring-boot-2.7.7.jar:2.7.7]
	at org.springframework.boot.SpringApplication.run(SpringApplication.java:307) ~[spring-boot-2.7.7.jar:2.7.7]
	at org.springframework.boot.SpringApplication.run(SpringApplication.java:1303) ~[spring-boot-2.7.7.jar:2.7.7]
	at org.springframework.boot.SpringApplication.run(SpringApplication.java:1292) ~[spring-boot-2.7.7.jar:2.7.7]
	at go.kr.dsp.api.DspApiApplication.main(DspApiApplication.java:10) ~[main/:na]
Caused by: java.io.IOException: Failed to bind to /172.27.64.1:10023
	at org.eclipse.jetty.server.ServerConnector.openAcceptChannel(ServerConnector.java:349) ~[jetty-server-9.4.50.v20221201.jar:9.4.50.v20221201]
	at org.eclipse.jetty.server.ServerConnector.open(ServerConnector.java:310) ~[jetty-server-9.4.50.v20221201.jar:9.4.50.v20221201]
	at org.eclipse.jetty.server.AbstractNetworkConnector.doStart(AbstractNetworkConnector.java:80) ~[jetty-server-9.4.50.v20221201.jar:9.4.50.v20221201]
	at org.eclipse.jetty.server.ServerConnector.doStart(ServerConnector.java:234) ~[jetty-server-9.4.50.v20221201.jar:9.4.50.v20221201]
	at org.eclipse.jetty.util.component.AbstractLifeCycle.start(AbstractLifeCycle.java:73) ~[jetty-util-9.4.50.v20221201.jar:9.4.50.v20221201]
	at org.eclipse.jetty.server.Server.doStart(Server.java:401) ~[jetty-server-9.4.50.v20221201.jar:9.4.50.v20221201]
	at org.eclipse.jetty.util.component.AbstractLifeCycle.start(AbstractLifeCycle.java:73) ~[jetty-util-9.4.50.v20221201.jar:9.4.50.v20221201]
	at org.apache.camel.component.jetty.JettyHttpComponent.connect(JettyHttpComponent.java:337) ~[camel-jetty-common-3.20.0.jar:3.20.0]
	at org.apache.camel.http.common.HttpCommonEndpoint.connect(HttpCommonEndpoint.java:186) ~[camel-http-common-3.20.0.jar:3.20.0]
	at org.apache.camel.http.common.HttpConsumer.doStart(HttpConsumer.java:58) ~[camel-http-common-3.20.0.jar:3.20.0]
	at org.apache.camel.component.jetty.JettyHttpConsumer.doStart(JettyHttpConsumer.java:31) ~[camel-jetty-common-3.20.0.jar:3.20.0]
	at org.apache.camel.support.service.BaseService.start(BaseService.java:119) ~[camel-api-3.20.0.jar:3.20.0]
	... 29 common frames omitted
Caused by: java.net.BindException: Address already in use: bind
	at java.base/sun.nio.ch.Net.bind0(Native Method) ~[na:na]
	at java.base/sun.nio.ch.Net.bind(Net.java:459) ~[na:na]
	at java.base/sun.nio.ch.Net.bind(Net.java:448) ~[na:na]
	at java.base/sun.nio.ch.ServerSocketChannelImpl.bind(ServerSocketChannelImpl.java:227) ~[na:na]
	at java.base/sun.nio.ch.ServerSocketAdaptor.bind(ServerSocketAdaptor.java:80) ~[na:na]
	at org.eclipse.jetty.server.ServerConnector.openAcceptChannel(ServerConnector.java:344) ~[jetty-server-9.4.50.v20221201.jar:9.4.50.v20221201]
	... 40 common frames omitted

2023-12-27 14:40:38.211  INFO 20608 --- [main] go.kr.dsp.api.DspApiApplication          : Starting DspApiApplication using Java 11.0.20 on yoonms0623 with PID 20608 (C:\dsp\dsp-api-deploy\build\classes\java\main started by yoonms0623 in C:\dsp\dsp-api-deploy)
2023-12-27 14:40:38.213  INFO 20608 --- [main] go.kr.dsp.api.DspApiApplication          : The following 1 profile is active: "deploy"
2023-12-27 14:40:39.161  INFO 20608 --- [main] o.s.b.w.embedded.tomcat.TomcatWebServer  : Tomcat initialized with port(s): 10022 (http)
2023-12-27 14:40:39.168  INFO 20608 --- [main] o.apache.catalina.core.StandardService   : Starting service [Tomcat]
2023-12-27 14:40:39.168  INFO 20608 --- [main] org.apache.catalina.core.StandardEngine  : Starting Servlet engine: [Apache Tomcat/9.0.70]
2023-12-27 14:40:39.285  INFO 20608 --- [main] o.a.c.c.C.[Tomcat].[localhost].[/]       : Initializing Spring embedded WebApplicationContext
2023-12-27 14:40:39.285  INFO 20608 --- [main] w.s.c.ServletWebServerApplicationContext : Root WebApplicationContext: initialization completed in 1032 ms
2023-12-27 14:40:40.168  INFO 20608 --- [main] o.s.b.a.e.web.EndpointLinksResolver      : Exposing 1 endpoint(s) beneath base path '/actuator'
2023-12-27 14:40:40.219  INFO 20608 --- [main] o.a.c.c.s.CamelHttpTransportServlet      : Initialized CamelHttpTransportServlet[name=CamelServlet, contextPath=]
2023-12-27 14:40:40.220  INFO 20608 --- [main] o.s.b.w.embedded.tomcat.TomcatWebServer  : Tomcat started on port(s): 10022 (http) with context path ''
2023-12-27 14:40:41.047  INFO 20608 --- [main] o.a.c.impl.engine.AbstractCamelContext   : Apache Camel 3.20.0 (camel-1) is starting
2023-12-27 14:40:41.071  INFO 20608 --- [main] org.eclipse.jetty.util.log               : Logging initialized @4324ms to org.eclipse.jetty.util.log.Slf4jLog
2023-12-27 14:40:41.102  INFO 20608 --- [main] org.eclipse.jetty.server.Server          : jetty-9.4.50.v20221201; built: 2022-12-01T22:07:03.915Z; git: da9a0b30691a45daf90a9f17b5defa2f1434f882; jvm 11.0.20+8
2023-12-27 14:40:41.120  INFO 20608 --- [main] o.e.jetty.server.handler.ContextHandler  : Started o.e.j.s.ServletContextHandler@47e725af{/,null,AVAILABLE}
2023-12-27 14:40:41.133  INFO 20608 --- [main] o.e.jetty.server.AbstractConnector       : Started ServerConnector@75da2db{HTTP/1.1, (http/1.1)}{172.27.64.1:10023}
2023-12-27 14:40:41.134  INFO 20608 --- [main] org.eclipse.jetty.server.Server          : Started @4387ms
2023-12-27 14:40:41.145  INFO 20608 --- [main] o.a.c.impl.engine.AbstractCamelContext   : Routes startup (started:1)
2023-12-27 14:40:41.145  INFO 20608 --- [main] o.a.c.impl.engine.AbstractCamelContext   :     Started dsp-deploy (jetty:http://172.27.64.1:10023/file)
2023-12-27 14:40:41.145  INFO 20608 --- [main] o.a.c.impl.engine.AbstractCamelContext   : Apache Camel 3.20.0 (camel-1) started in 283ms (build:41ms init:145ms start:97ms)
2023-12-27 14:40:41.150  INFO 20608 --- [main] go.kr.dsp.api.DspApiApplication          : Started DspApiApplication in 3.23 seconds (JVM running for 4.403)
2023-12-27 14:40:42.171  INFO 20608 --- [RMI TCP Connection(3)-172.30.1.27] o.a.c.c.C.[Tomcat].[localhost].[/]       : Initializing Spring DispatcherServlet 'dispatcherServlet'
2023-12-27 14:40:42.174  INFO 20608 --- [RMI TCP Connection(3)-172.30.1.27] o.s.web.servlet.DispatcherServlet        : Initializing Servlet 'dispatcherServlet'
2023-12-27 14:40:42.176  INFO 20608 --- [RMI TCP Connection(3)-172.30.1.27] o.s.web.servlet.DispatcherServlet        : Completed initialization in 2 ms
